<?xml version="1.0" encoding="UTF-8"?>
<!-- Generated by org.testng.reporters.JUnitXMLReporter -->
<testsuite ignored="0" hostname="Chirag" failures="0" tests="9" name="Test" time="89.051" errors="0" timestamp="2022-10-23T05:59:19 IST">
  <testcase classname="Test_Scenarios.a_totalrunsMethod" name="method_clickScorecard" time="3.09"/>
  <testcase classname="Test_Scenarios.a_totalrunsMethod" name="method_totalRun" time="3.171"/>
  <testcase classname="Test_Scenarios.c_totalboundariesmethod" name="method_clickScorecard" time="2.214"/>
  <testcase classname="Test_Scenarios.c_totalboundariesmethod" name="method_totalBoundaries" time="4.656"/>
  <testcase classname="Test_Scenarios.d_runoutplayermethod" name="method_clickScorecard" time="1.882"/>
  <testcase classname="Test_Scenarios.d_runoutplayermethod" name="method_runoutPlayer" time="0.093"/>
  <testcase classname="Test_Scenarios.b_comparetotalrunsmethod" name="method_clickScorecard" time="7.916"/>
  <testcase classname="Test_Scenarios.b_comparetotalrunsmethod" name="method_totalRun" time="1.453"/>
  <testcase classname="Test_Scenarios.b_comparetotalrunsmethod" name="method_verify" time="0.448"/>
</testsuite> <!-- Test -->
