<?xml version="1.0" encoding="UTF-8"?>
<testng-results ignored="0" total="9" passed="9" failed="0" skipped="0">
  <reporter-output>
  </reporter-output>
  <suite started-at="2022-10-23T05:57:50 IST" name="Suite" finished-at="2022-10-23T05:59:19 IST" duration-ms="89051">
    <groups>
    </groups>
    <test started-at="2022-10-23T05:57:50 IST" name="Test" finished-at="2022-10-23T05:59:19 IST" duration-ms="89051">
      <class name="Test_Scenarios.c_totalboundariesmethod">
        <test-method is-config="true" signature="beforetest()[pri:0, instance:Test_Scenarios.c_totalboundariesmethod@5ab956d7]" started-at="2022-10-23T05:58:22 IST" name="beforetest" finished-at="2022-10-23T05:58:32 IST" duration-ms="10086" status="PASS">
          <reporter-output>
          </reporter-output>
        </test-method> <!-- beforetest -->
        <test-method signature="method_clickScorecard()[pri:1, instance:Test_Scenarios.c_totalboundariesmethod@5ab956d7]" started-at="2022-10-23T05:58:58 IST" name="method_clickScorecard" finished-at="2022-10-23T05:59:00 IST" duration-ms="2214" status="PASS">
          <reporter-output>
          </reporter-output>
        </test-method> <!-- method_clickScorecard -->
        <test-method signature="method_totalBoundaries()[pri:2, instance:Test_Scenarios.c_totalboundariesmethod@5ab956d7]" started-at="2022-10-23T05:59:00 IST" name="method_totalBoundaries" finished-at="2022-10-23T05:59:05 IST" duration-ms="4656" status="PASS">
          <reporter-output>
          </reporter-output>
        </test-method> <!-- method_totalBoundaries -->
        <test-method is-config="true" signature="aftertest()[pri:0, instance:Test_Scenarios.c_totalboundariesmethod@5ab956d7]" started-at="2022-10-23T05:59:18 IST" name="aftertest" finished-at="2022-10-23T05:59:19 IST" duration-ms="925" status="PASS">
          <reporter-output>
          </reporter-output>
        </test-method> <!-- aftertest -->
      </class> <!-- Test_Scenarios.c_totalboundariesmethod -->
      <class name="Test_Scenarios.a_totalrunsMethod">
        <test-method is-config="true" signature="beforetest()[pri:0, instance:Test_Scenarios.a_totalrunsMethod@13e344d]" started-at="2022-10-23T05:57:50 IST" name="beforetest" finished-at="2022-10-23T05:58:09 IST" duration-ms="18379" status="PASS">
          <reporter-output>
          </reporter-output>
        </test-method> <!-- beforetest -->
        <test-method signature="method_clickScorecard()[pri:1, instance:Test_Scenarios.a_totalrunsMethod@13e344d]" started-at="2022-10-23T05:58:51 IST" name="method_clickScorecard" description="a" finished-at="2022-10-23T05:58:55 IST" duration-ms="3090" status="PASS">
          <reporter-output>
          </reporter-output>
        </test-method> <!-- method_clickScorecard -->
        <test-method signature="method_totalRun()[pri:2, instance:Test_Scenarios.a_totalrunsMethod@13e344d]" started-at="2022-10-23T05:58:55 IST" name="method_totalRun" description="a" finished-at="2022-10-23T05:58:58 IST" duration-ms="3171" status="PASS">
          <reporter-output>
          </reporter-output>
        </test-method> <!-- method_totalRun -->
        <test-method is-config="true" signature="aftertest()[pri:0, instance:Test_Scenarios.a_totalrunsMethod@13e344d]" started-at="2022-10-23T05:59:16 IST" name="aftertest" finished-at="2022-10-23T05:59:17 IST" duration-ms="908" status="PASS">
          <reporter-output>
          </reporter-output>
        </test-method> <!-- aftertest -->
      </class> <!-- Test_Scenarios.a_totalrunsMethod -->
      <class name="Test_Scenarios.b_comparetotalrunsmethod">
        <test-method is-config="true" signature="beforetest()[pri:0, instance:Test_Scenarios.b_comparetotalrunsmethod@750e2b97]" started-at="2022-10-23T05:58:09 IST" name="beforetest" finished-at="2022-10-23T05:58:22 IST" duration-ms="13077" status="PASS">
          <reporter-output>
          </reporter-output>
        </test-method> <!-- beforetest -->
        <test-method signature="method_clickScorecard()[pri:1, instance:Test_Scenarios.b_comparetotalrunsmethod@750e2b97]" started-at="2022-10-23T05:59:07 IST" name="method_clickScorecard" finished-at="2022-10-23T05:59:14 IST" duration-ms="7916" status="PASS">
          <reporter-output>
          </reporter-output>
        </test-method> <!-- method_clickScorecard -->
        <test-method signature="method_totalRun()[pri:2, instance:Test_Scenarios.b_comparetotalrunsmethod@750e2b97]" started-at="2022-10-23T05:59:15 IST" name="method_totalRun" finished-at="2022-10-23T05:59:16 IST" duration-ms="1453" status="PASS">
          <reporter-output>
          </reporter-output>
        </test-method> <!-- method_totalRun -->
        <test-method signature="method_verify()[pri:3, instance:Test_Scenarios.b_comparetotalrunsmethod@750e2b97]" started-at="2022-10-23T05:59:16 IST" name="method_verify" finished-at="2022-10-23T05:59:16 IST" duration-ms="448" status="PASS">
          <reporter-output>
          </reporter-output>
        </test-method> <!-- method_verify -->
        <test-method is-config="true" signature="aftertest()[pri:0, instance:Test_Scenarios.b_comparetotalrunsmethod@750e2b97]" started-at="2022-10-23T05:59:17 IST" name="aftertest" finished-at="2022-10-23T05:59:18 IST" duration-ms="619" status="PASS">
          <reporter-output>
          </reporter-output>
        </test-method> <!-- aftertest -->
      </class> <!-- Test_Scenarios.b_comparetotalrunsmethod -->
      <class name="Test_Scenarios.d_runoutplayermethod">
        <test-method is-config="true" signature="beforetest()[pri:0, instance:Test_Scenarios.d_runoutplayermethod@3646a422]" started-at="2022-10-23T05:58:32 IST" name="beforetest" finished-at="2022-10-23T05:58:51 IST" duration-ms="19411" status="PASS">
          <reporter-output>
          </reporter-output>
        </test-method> <!-- beforetest -->
        <test-method signature="method_clickScorecard()[pri:1, instance:Test_Scenarios.d_runoutplayermethod@3646a422]" started-at="2022-10-23T05:59:05 IST" name="method_clickScorecard" finished-at="2022-10-23T05:59:06 IST" duration-ms="1882" status="PASS">
          <reporter-output>
          </reporter-output>
        </test-method> <!-- method_clickScorecard -->
        <test-method signature="method_runoutPlayer()[pri:2, instance:Test_Scenarios.d_runoutplayermethod@3646a422]" started-at="2022-10-23T05:59:06 IST" name="method_runoutPlayer" finished-at="2022-10-23T05:59:07 IST" duration-ms="93" status="PASS">
          <reporter-output>
          </reporter-output>
        </test-method> <!-- method_runoutPlayer -->
        <test-method is-config="true" signature="aftertest()[pri:0, instance:Test_Scenarios.d_runoutplayermethod@3646a422]" started-at="2022-10-23T05:59:19 IST" name="aftertest" finished-at="2022-10-23T05:59:19 IST" duration-ms="501" status="PASS">
          <reporter-output>
          </reporter-output>
        </test-method> <!-- aftertest -->
      </class> <!-- Test_Scenarios.d_runoutplayermethod -->
    </test> <!-- Test -->
  </suite> <!-- Suite -->
</testng-results>
